
transformix is started at Thu Feb 29 23:08:42 2024.

which transformix:   .\3rdparty\elastix-5.0.0-win64\transformix
transformix runs at: IT-WD-HANZH404
  Windows  Professional (x64),  (Build 9200)
  with 32542 MB memory, and 6 cores @ 3191 MHz.
Running transformix with parameter file ".\Registration\transformCustom\TransformParameters.0.txt".

Reading the elastix parameters from file ...

Installing all components.
InstallingComponents was successful.

ELASTIX version: 5.000
Command line options from ElastixBase:
-in       im1.vtk
-out      .\Registration\transformCustom\
-threads  unspecified, so all available threads are used
-tp       .\Registration\transformCustom\TransformParameters.0.txt
-def      unspecified, so no input points transformed
-jac      unspecified, so no det(dT/dx) computed
-jacmat   unspecified, so no dT/dx computed

=============== start of ParameterFile: .\Registration\transformCustom\TransformParameters.0.txt ===============
(Transform "BSplineTransform")
(NumberOfParameters 1344)
(TransformParameters 0.222173 -0.203987 -0.456545 -0.884957 -1.124701 -1.341041 -1.439386 -1.514091 0.966221 0.630275 0.236895 -0.480592 -1.120943 -1.683713 -2.011256 -2.107146 1.555738 1.431011 0.929679 0.020835 -0.735220 -1.417502 -1.837766 -1.987005 1.946612 1.810165 1.085347 -0.002435 -0.666979 -1.298527 -1.642333 -1.774557 1.830075 1.376158 0.684892 -0.254712 -0.869537 -1.344375 -1.416028 -1.492497 1.517801 0.908307 0.264204 -0.577441 -1.000158 -1.281150 -1.287042 -1.368638 1.125415 0.519286 0.017251 -0.684967 -1.064191 -1.384328 -1.473500 -1.529550 1.088576 0.568537 0.359987 -0.085117 -0.328762 -0.616653 -0.709213 -0.865392 -0.316293 -1.333333 -1.779176 -2.193914 -1.910267 -1.760150 -1.621957 -1.457582 0.482744 0.034045 0.144943 -0.498706 -1.024763 -1.648645 -1.896490 -1.823446 1.495044 2.241147 2.425652 1.942504 0.775312 -0.571764 -1.243288 -1.500813 2.249302 2.812086 3.564161 3.192783 1.067002 -0.151147 -0.920147 -1.267481 1.902676 1.531598 0.458171 0.111487 0.214978 -0.550801 -0.979890 -1.331751 1.054267 0.360346 0.629547 0.597841 -0.565024 -1.164520 -1.401176 -1.737881 0.076294 -0.783954 -0.886948 -1.374258 -1.755128 -2.051725 -2.272398 -2.403976 0.067101 -0.738081 -1.096843 -1.596072 -1.663509 -1.859577 -1.910726 -1.768016 -0.631330 -1.615949 -2.053848 -2.405749 -1.792305 -1.554710 -1.368570 -1.209699 0.024644 -0.408743 0.323545 -0.501599 -0.573702 -0.897298 -1.084912 -1.307146 1.045284 -0.680409 -2.147978 -1.110965 0.006438 0.435062 -0.416996 -0.925948 1.835333 -2.597256 1.481730 3.250174 -1.572422 0.794607 -0.273960 -0.908974 1.216411 -0.674490 0.641343 -1.321823 -0.799588 0.792852 -0.247316 -1.387173 0.112326 -0.225997 -0.773169 -0.130467 1.464989 -0.078624 -0.707298 -1.878627 -0.358882 -0.470349 0.537884 -0.822419 0.058264 -1.267057 -1.466907 -2.316047 0.240195 -0.436337 -1.042452 -1.552242 -1.467358 -1.652654 -1.509420 -1.663925 -0.790979 -1.668033 -2.064716 -2.305082 -1.512691 -1.258227 -1.121729 -1.046586 -0.054206 -1.107080 -0.593075 -0.135922 -0.142878 -0.291300 -0.397344 -1.062146 0.953115 0.660916 1.798560 -0.604329 -0.485628 0.381600 -0.742233 -0.755929 1.410967 -0.049790 -0.271616 -1.473953 0.689898 -0.391909 -0.161806 -1.018801 0.673184 -0.127500 0.879128 0.071196 1.497528 -1.465411 0.682145 -1.982451 -0.306743 0.427876 0.179437 -0.543217 -0.838937 0.201440 0.635443 -2.455419 -0.344877 0.212861 1.007479 0.120938 0.122633 -1.018651 -0.942746 -2.343093 0.433638 -0.000575 -0.810156 -1.595002 -1.298454 -1.306320 -0.928459 -1.437470 -0.638319 -1.232883 -1.359828 -1.556617 -1.023709 -0.930340 -0.820551 -0.970608 0.241241 -0.766927 -1.008188 -0.011180 -0.242404 -0.125631 -0.376934 -1.382315 1.108136 -0.020901 -0.517445 0.309409 0.382454 0.625181 -1.149153 -1.374540 1.345947 0.827248 -0.354474 1.611422 -0.977653 1.007181 -0.205648 -1.815601 0.770240 0.488798 -1.093905 0.619576 -0.558143 0.104000 0.195075 -2.869704 0.220292 0.255909 -1.018148 0.573272 0.579622 0.974869 0.393127 -3.131611 0.188927 0.131677 -0.353362 0.119370 -0.804143 -1.450508 -1.265374 -2.590174 0.418026 -0.102818 -0.577714 -1.221295 -0.874297 -0.913630 -0.526968 -1.225619 -0.471105 -0.938287 -0.905687 -0.891943 -0.450194 -0.481897 -0.467715 -0.931762 0.597910 0.160277 -0.101207 -0.100703 -0.065467 -0.361528 -0.830428 -1.962839 1.524972 0.953463 -0.414782 -0.837597 -0.404433 -0.600498 -1.544527 -2.544898 1.910219 1.715171 -0.099516 -0.616182 -0.762511 -1.279835 -2.520284 -3.312467 1.588133 2.189610 1.336024 0.112022 -0.780969 -2.128634 -3.708944 -4.103125 1.138070 1.734746 1.505410 0.543250 -0.641748 -2.545971 -3.363894 -3.906103 0.814679 0.862593 0.696364 -0.064561 -0.953277 -1.935340 -1.938039 -2.930809 0.420277 -0.319036 -0.643923 -1.096615 -0.731189 -0.657894 -0.271617 -1.128651 -0.042165 -0.302057 -0.253019 -0.450487 -0.491111 -0.743326 -0.759252 -1.204123 0.367867 0.028760 -0.039728 -0.507641 -0.923381 -1.534509 -1.900516 -2.472930 0.664704 0.406708 0.296087 -0.510823 -1.375048 -2.167124 -2.574039 -3.033383 0.936163 0.684892 0.351985 -0.621506 -1.640525 -2.585204 -3.069080 -3.392681 1.087170 0.828906 0.315377 -0.693273 -1.763153 -2.648812 -3.078155 -3.239442 1.044182 0.724773 0.186717 -0.763834 -1.651787 -2.288866 -2.526537 -2.720162 0.863810 0.411510 -0.056731 -0.858181 -1.313752 -1.702327 -1.730690 -2.138181 0.461087 -0.005598 -0.158024 -0.562114 -0.558334 -0.764979 -0.698388 -1.123317 0.807529 1.348042 1.623982 1.803161 1.873684 1.702564 1.442440 0.395759 0.616941 1.112207 1.196159 0.998517 0.637431 0.488116 0.463076 -0.107228 0.437678 0.633835 0.686445 0.409590 -0.090743 -0.193216 -0.055597 -0.237333 0.209186 -0.174338 -0.439244 -0.852939 -1.370050 -1.434377 -1.033436 -0.698533 -0.095894 -0.892010 -1.172182 -1.543939 -1.968498 -1.941260 -1.429137 -0.946955 -0.408940 -1.377012 -1.697538 -2.227275 -2.707732 -2.653652 -2.162460 -1.556210 -0.628431 -1.623403 -1.964953 -2.486733 -2.853823 -2.810754 -2.449312 -1.830509 -0.941056 -1.953695 -2.432819 -3.038830 -3.419980 -3.440582 -3.298779 -2.485736 0.584537 1.124454 1.278923 1.547954 1.931792 2.036489 1.902373 0.579399 0.747615 0.640875 -0.053960 -0.673835 -0.557061 -0.002573 0.444400 0.039891 0.476589 0.215774 -0.594302 -1.195983 -0.525513 -0.017396 0.212037 -0.159120 0.246439 -0.321180 -0.922951 -1.506180 -1.204425 -0.997566 -0.809893 -0.717712 -0.288597 -0.413502 -0.824867 -0.558140 -0.679684 -1.344278 -1.207883 -0.837441 -0.781066 -0.421925 -0.913643 -2.075497 -2.120619 -2.602606 -2.197582 -1.488854 -1.281795 -1.112820 -0.502446 -1.335042 -2.146310 -2.470205 -2.190122 -1.758347 -1.205118 -1.735867 -1.734000 -2.591338 -3.597004 -3.934894 -3.880879 -2.730604 0.449431 0.731209 0.894856 1.263754 1.504604 1.444047 1.329861 0.265884 0.580702 0.400108 0.452646 -1.675007 -1.661854 0.261036 -0.099879 -0.594818 0.385521 -0.282171 -0.533561 -1.048208 -0.661383 1.041680 0.113047 -0.950391 0.536662 -0.699028 1.509136 1.259287 -0.544831 0.325923 -0.549636 -1.805872 0.148342 0.056587 -0.809572 -0.778854 0.312771 1.045977 -0.560751 -1.885508 -0.382248 -0.008272 2.876708 1.800199 -0.248976 0.473169 -1.799378 -2.213006 -0.870673 -1.560102 -4.338975 0.520170 -0.112355 -0.663329 -1.575649 -2.101480 -1.010782 -1.085663 -0.585122 -1.291260 -2.306250 -2.804558 -3.231980 -2.656855 0.392751 0.682233 1.009543 1.488407 1.417846 1.004021 0.780890 -0.072727 0.673828 0.664706 0.738410 -1.434538 -1.674821 0.302530 -0.510117 -1.145585 0.604014 -0.415967 -0.379904 1.189983 -0.041968 -0.234476 -0.032589 -1.742255 0.737834 -0.233383 0.506526 -0.729296 1.221069 0.034617 -0.191726 -2.882517 0.395061 -0.326532 -0.614725 -0.886559 0.580116 -1.403843 -0.020260 -2.960809 -0.103168 -0.459279 2.174950 0.729905 -0.963574 0.701449 -1.018370 -2.934954 -0.670786 -1.440138 -8.523684 -1.221728 0.361890 0.894675 -1.030377 -2.521276 -0.975053 -1.174542 -0.862787 -1.039751 -1.422977 -2.000350 -2.716113 -2.635946 0.454538 1.034023 1.499769 2.014652 1.738643 1.102426 0.530383 -0.418787 0.701810 1.323309 0.930690 0.165707 0.174969 0.264945 -0.665088 -1.259296 0.696020 0.767010 -0.711206 -0.190550 -0.015766 -0.043023 0.542909 -1.881157 0.675813 0.499372 0.339713 -0.088700 -0.485029 0.240373 1.072640 -2.802053 0.279739 0.051027 0.179483 -0.300098 0.752325 0.024178 0.001971 -2.822476 -0.168983 -0.185691 0.999899 0.601764 0.201461 0.778619 -0.310637 -2.823468 -0.668205 -0.763407 -0.012344 0.605741 0.113685 0.680811 -1.187160 -2.654428 -1.035096 -1.894291 -1.815663 -1.842541 -1.646286 -1.927804 -2.622698 -2.504877 0.584859 1.529790 2.102032 2.682731 2.429946 1.576415 0.553632 -0.622686 0.804944 1.884118 1.791217 1.536737 0.613191 -0.164664 -1.052987 -1.192638 0.711615 1.133447 -0.072869 0.646470 0.407388 -0.006286 -1.441677 -1.584870 0.601311 0.497541 -0.601485 0.500510 -0.247734 -0.948735 -2.276184 -2.208599 0.154391 -0.386697 -1.216830 -0.889607 -0.986432 -1.175108 -2.539081 -2.418721 -0.315159 -1.438261 -2.016903 -1.644554 -1.316434 -1.540960 -2.689379 -2.578425 -0.738707 -2.032854 -2.425521 -2.021785 -1.022327 -1.146144 -2.417646 -2.640422 -1.153898 -2.404151 -2.715844 -2.605672 -2.028149 -2.017223 -2.701369 -2.344859 -0.060525 0.410214 0.631468 0.970421 1.082087 0.783748 0.307509 -0.499059 -0.160821 0.405405 0.743499 0.957256 0.667580 0.245150 -0.121156 -0.722764 -0.301224 0.169980 0.334499 0.082409 -0.477833 -0.743742 -0.808393 -0.936509 -0.327719 -0.176751 -0.373955 -0.992565 -1.581304 -1.660904 -1.543161 -1.174033 -0.322166 -0.685690 -1.045998 -1.520384 -1.849404 -1.890735 -1.875437 -1.296745 -0.299114 -1.074440 -1.502878 -1.911746 -2.090404 -2.102910 -2.086483 -1.243352 -0.310128 -1.354516 -1.890675 -2.237633 -2.191752 -2.085478 -2.115658 -1.261197 -0.451988 -1.443991 -1.823425 -2.014817 -1.881178 -1.724573 -1.757432 -1.076848 -1.354358 -2.373850 -2.623655 -2.662246 -2.292590 -1.856928 -1.582223 -0.748222 -1.094816 -2.176089 -2.676267 -3.005990 -2.768653 -2.453309 -2.464943 -1.679020 -0.521497 -1.133945 -1.652063 -2.470754 -2.878008 -2.807386 -2.933944 -2.008482 -0.293408 -0.639768 -1.082182 -2.185445 -2.919025 -2.990238 -3.289844 -2.333868 -0.530743 -1.056195 -1.161958 -1.851082 -2.433850 -2.624610 -3.070047 -2.364388 -0.842523 -1.623656 -1.391188 -1.660361 -1.939123 -2.046167 -2.439129 -2.191814 -1.068904 -2.254101 -2.051474 -1.939967 -1.578136 -1.473755 -1.776233 -1.978803 -0.871580 -1.838990 -1.812825 -1.726943 -1.323653 -1.204934 -1.363179 -1.629211 -0.993148 -1.610639 -1.663260 -1.557410 -1.120289 -0.849472 -0.923740 -0.547571 -0.935054 -1.239370 -0.590087 -0.052521 0.385716 0.000026 -1.163940 -1.570077 -0.751030 -0.444597 0.585700 0.910312 0.728771 0.073822 -1.464418 -1.899936 -0.498636 0.232476 1.830297 1.503719 -0.065087 -0.250822 -1.930342 -2.089777 -0.181159 0.347316 0.314847 0.240999 -0.532844 -1.233179 -2.403613 -1.857926 -0.221994 -0.372189 -0.948164 -0.426092 -0.728595 -1.576082 -2.033896 -1.542192 -0.404626 -0.828497 -0.730966 -0.633602 -0.586690 -0.732505 -0.912510 -1.256259 -0.466230 -0.946624 -0.931072 -0.803022 -0.343934 -0.270827 -0.492404 -1.130475 -0.811148 -0.972289 -0.799046 -0.647017 -0.452100 -0.363378 -0.570908 -0.294919 -0.663112 -0.823389 -0.133932 0.503652 0.699052 0.123139 -0.955447 -1.259485 -0.383888 -0.388577 -0.577234 -0.748390 -0.139286 -0.214200 -0.963614 -1.383571 -0.030734 -0.408000 0.271279 0.942149 -0.804359 0.244655 -1.130804 -1.608873 0.360784 -0.123622 -0.620978 -0.290662 -0.046110 0.873546 -1.400065 -1.533551 0.250104 0.257063 1.335271 0.018951 -0.281477 0.413451 -1.250786 -1.346783 -0.096466 -0.142579 0.984980 0.202454 0.013124 0.387073 -0.251156 -1.079631 -0.416752 -0.584470 -0.348600 -0.040770 0.487674 0.453686 -0.019448 -0.964952 -0.571481 -0.126488 0.397089 0.867277 0.936163 0.686587 0.183006 0.152714 -0.220782 -0.097520 0.418216 0.646364 0.471189 0.246110 -0.340626 -0.567919 0.218452 -0.049060 0.476217 0.111166 0.041008 0.178342 -0.526841 -0.615544 0.807917 0.083658 -0.072282 -0.187511 0.422558 0.996524 -0.717403 -0.874119 1.167047 0.312446 -0.093686 0.091013 -0.334333 0.041448 -0.499568 -0.775350 0.967324 1.088383 -1.264849 0.556884 0.153966 -0.465095 -1.051968 -0.627403 0.398726 0.366831 -3.373250 -1.138710 0.667046 1.148573 0.858508 -0.520728 -0.265321 -0.156259 0.294119 1.207851 2.058860 1.862006 0.957389 -0.518407 -0.448218 0.271453 0.794322 1.404541 1.554331 1.348439 0.971621 0.703471 0.063501 0.724613 1.090584 0.326238 0.239027 0.127265 0.358886 0.475562 0.403145 -0.358227 -0.891543 -0.216666 0.032868 -0.465247 0.302121 0.334646 0.942674 0.014330 0.203661 0.025670 -0.163750 -0.580631 0.783754 0.141051 1.345136 0.326359 -0.157036 -0.805055 -0.146090 -1.232509 0.727380 0.159262 1.206572 1.113303 0.964411 0.026078 -0.403238 0.655009 0.145675 0.060475 0.613971 0.997403 0.699142 -0.006951 -0.192292 1.904629 1.776492 -0.064447 -0.149914 0.166143 0.512628 1.684125 2.734182 2.471432 1.499532 -0.244245 -0.429372 0.528493 1.094766 1.660351 1.935303 1.937398 1.761669 1.101077 0.110223 1.639322 2.288821 2.032545 1.569080 1.246553 1.263202 1.208459 0.504750 1.283142 0.445788 -0.006568 0.222010 0.120016 0.612983 1.050275 1.080954 1.395698 0.254491 0.131009 0.568869 0.639881 0.996638 1.041964 1.583676 1.381475 -0.090768 0.031455 0.779061 0.821086 1.331823 0.945744 1.504811 1.320755 -0.236792 -0.343688 0.579565 1.321195 1.717379 0.647036 0.964014 1.338323 0.722643 1.289937 2.794056 3.342218 2.734197 0.454305 0.138634 0.848955 1.278816 2.266779 3.168531 2.933289 2.069452 0.100597 -0.300088 0.385561 0.693684 1.191829 1.833662 2.262415 2.447394 1.741788 0.308620 2.120624 2.916578 3.372322 3.473224 3.479031 3.565268 2.235316 0.468302 2.595024 3.384269 3.613592 3.275305 3.039112 3.071108 1.868908 0.822225 2.912327 3.675185 3.990477 3.449401 2.843403 2.675329 1.422015 1.113797 2.572604 2.922466 3.201524 2.916241 2.230276 1.912983 0.738326 1.115253 2.160182 2.275426 2.525264 2.588319 2.108815 1.650766 0.385093 0.934866 1.969362 2.166354 2.689858 3.196018 2.962094 2.281116 0.534302 0.430561 1.156493 1.488373 2.048790 2.568504 2.465288 1.975457 0.436296)
(InitialTransformParametersFileName "param3.txt")
(UseBinaryFormatForTransformationParameters "false")
(HowToCombineTransforms "Compose")

// Image specific
(FixedImageDimension 3)
(MovingImageDimension 3)
(FixedInternalImagePixelType "float")
(MovingInternalImagePixelType "float")
(Size 277 277 201)
(Index 0 0 0)
(Spacing 1.0000000000 1.0000000000 1.0000000000)
(Origin 0.0000000000 0.0000000000 0.0000000000)
(Direction 1.0000000000 0.0000000000 0.0000000000 0.0000000000 1.0000000000 0.0000000000 0.0000000000 0.0000000000 1.0000000000)
(UseDirectionCosines "true")

// BSplineTransform specific
(GridSize 8 8 7)
(GridIndex 0 0 0)
(GridSpacing 68.3072703636 72.0170242672 71.5714287892)
(GridOrigin -102.7095321886 -121.8023035298 -119.1082813147)
(GridDirection 1.0000000000 0.0000000000 0.0000000000 0.0000000000 1.0000000000 0.0000000000 0.0000000000 0.0000000000 1.0000000000)
(BSplineTransformSplineOrder 3)
(UseCyclicTransform "false")

// ResampleInterpolator specific
(ResampleInterpolator "FinalLinearInterpolator")

// Resampler specific
(Resampler "DefaultResampler")
(DefaultPixelValue 0.000000)
(ResultImageFormat "vtk")
(ResultImagePixelType "float")
(CompressResultImage "false")


=============== end of ParameterFile: .\Registration\transformCustom\TransformParameters.0.txt ===============


Reading input image ...
  Reading input image took 0.043575 s
Calling all ReadFromFile()'s ...
Reading the elastix parameters from file ...

Reading the elastix parameters from file ...

Reading the elastix parameters from file ...

  Calling all ReadFromFile()'s took 0.007948 s
Transforming points ...
  The command-line option "-def" is not used, so no points are transformed
  Transforming points done, it took 0.00s
Compute determinant of spatial Jacobian ...
  The command-line option "-jac" is not used, so no det(dT/dx) computed.
  Computing determinant of spatial Jacobian done, it took 0.00s
Compute spatial Jacobian (full matrix) ...
  The command-line option "-jacmat" is not used, so no dT/dx computed.
  Computing spatial Jacobian done, it took 0.00s
Resampling image and writing to disk ...
  Resampling took 8.09s

transformix has finished at Thu Feb 29 23:08:50 2024.
Total time elapsed: 8.3s.

